<?xml version="1.0" encoding="UTF-8"?>
<!-- Generated by org.testng.reporters.JUnitReportReporter -->
<testsuite hostname="DESKTOP-P5DJBAL" name="com.websystique.springmvc.dao.EmployeeDaoImplTest" tests="6" failures="0" timestamp="20 Jun 2018 14:24:46 GMT" time="1.111" errors="0">
  <testcase name="findById" time="0.567" classname="com.websystique.springmvc.dao.EmployeeDaoImplTest"/>
  <testcase name="saveEmployee" time="0.078" classname="com.websystique.springmvc.dao.EmployeeDaoImplTest"/>
  <testcase name="deleteEmployeeBySsn" time="0.047" classname="com.websystique.springmvc.dao.EmployeeDaoImplTest"/>
  <testcase name="deleteEmployeeByInvalidSsn" time="0.297" classname="com.websystique.springmvc.dao.EmployeeDaoImplTest"/>
  <testcase name="findAllEmployees" time="0.043" classname="com.websystique.springmvc.dao.EmployeeDaoImplTest"/>
  <testcase name="findEmployeeBySsn" time="0.079" classname="com.websystique.springmvc.dao.EmployeeDaoImplTest"/>
</testsuite> <!-- com.websystique.springmvc.dao.EmployeeDaoImplTest -->
